layer-atlas-messenger/build/outputs/logs/manifest-merger-debug-report.txt
-- Merging decision tree log ---
manifest
ADDED from src\main\AndroidManifest.xml:16:1-152:12
	package
		ADDED from src\main\AndroidManifest.xml:17:5-40
		INJECTED from src\main\AndroidManifest.xml
		INJECTED from src\main\AndroidManifest.xml
	android:versionName
		ADDED from src\main\AndroidManifest.xml:19:5-34
		INJECTED from src\main\AndroidManifest.xml
		INJECTED from src\main\AndroidManifest.xml
	android:versionCode
		ADDED from src\main\AndroidManifest.xml:18:5-29
		INJECTED from src\main\AndroidManifest.xml
		INJECTED from src\main\AndroidManifest.xml
	xmlns:android
		ADDED from src\main\AndroidManifest.xml:16:11-69
uses-sdk
ADDED from src\main\AndroidManifest.xml:21:5-23:41
MERGED from [YouWho:layer-atlas:unspecified] AndroidManifest.xml:21:5-23:41
MERGED from [com.layer.sdk:layer-sdk:0.16.0] AndroidManifest.xml:7:5-9:41
MERGED from [com.google.android.gms:play-services-gcm:7.5.0] AndroidManifest.xml:18:5-42
MERGED from [com.google.android.gms:play-services-base:7.5.0] AndroidManifest.xml:18:5-42
MERGED from [com.android.support:support-v4:22.2.1] AndroidManifest.xml:20:5-43
	android:targetSdkVersion
		ADDED from src\main\AndroidManifest.xml:23:9-38
		INJECTED from src\main\AndroidManifest.xml
		INJECTED from src\main\AndroidManifest.xml
	android:minSdkVersion
		ADDED from src\main\AndroidManifest.xml:22:9-35
		INJECTED from src\main\AndroidManifest.xml
		INJECTED from src\main\AndroidManifest.xml
uses-permission#android.permission.INTERNET
ADDED from src\main\AndroidManifest.xml:29:5-67
MERGED from [com.layer.sdk:layer-sdk:0.16.0] AndroidManifest.xml:13:5-67
	android:name
		ADDED from src\main\AndroidManifest.xml:29:22-64
uses-permission#android.permission.ACCESS_NETWORK_STATE
ADDED from src\main\AndroidManifest.xml:30:5-79
MERGED from [com.layer.sdk:layer-sdk:0.16.0] AndroidManifest.xml:11:5-79
	android:name
		ADDED from src\main\AndroidManifest.xml:30:22-76
uses-permission#android.permission.GET_ACCOUNTS
ADDED from src\main\AndroidManifest.xml:31:5-71
MERGED from [com.layer.sdk:layer-sdk:0.16.0] AndroidManifest.xml:12:5-71
	android:name
		ADDED from src\main\AndroidManifest.xml:31:22-68
uses-permission#android.permission.READ_PHONE_STATE
ADDED from src\main\AndroidManifest.xml:32:5-75
	android:name
		ADDED from src\main\AndroidManifest.xml:32:22-72
uses-permission#android.permission.WAKE_LOCK
ADDED from src\main\AndroidManifest.xml:35:5-68
MERGED from [com.layer.sdk:layer-sdk:0.16.0] AndroidManifest.xml:14:5-68
	android:name
		ADDED from src\main\AndroidManifest.xml:35:22-65
uses-permission#com.google.android.c2dm.permission.RECEIVE
ADDED from src\main\AndroidManifest.xml:36:5-82
MERGED from [com.layer.sdk:layer-sdk:0.16.0] AndroidManifest.xml:15:5-82
	android:name
		ADDED from src\main\AndroidManifest.xml:36:22-79
uses-permission#android.permission.CAMERA
ADDED from src\main\AndroidManifest.xml:39:5-64
	android:name
		ADDED from src\main\AndroidManifest.xml:39:22-62
uses-feature#android.hardware.camera
ADDED from src\main\AndroidManifest.xml:40:5-84
	android:required
		ADDED from src\main\AndroidManifest.xml:40:58-82
	android:name
		ADDED from src\main\AndroidManifest.xml:40:19-57
uses-feature#android.hardware.camera.front
ADDED from src\main\AndroidManifest.xml:41:5-90
	android:required
		ADDED from src\main\AndroidManifest.xml:41:64-88
	android:name
		ADDED from src\main\AndroidManifest.xml:41:19-63
uses-feature#android.hardware.camera.autofocus
ADDED from src\main\AndroidManifest.xml:42:5-94
	android:required
		ADDED from src\main\AndroidManifest.xml:42:68-92
	android:name
		ADDED from src\main\AndroidManifest.xml:42:19-67
uses-feature#android.hardware.camera.flash
ADDED from src\main\AndroidManifest.xml:43:5-90
	android:required
		ADDED from src\main\AndroidManifest.xml:43:64-88
	android:name
		ADDED from src\main\AndroidManifest.xml:43:19-63
uses-feature#android.hardware.screen.landscape
ADDED from src\main\AndroidManifest.xml:44:5-95
	android:required
		ADDED from src\main\AndroidManifest.xml:44:68-92
	android:name
		ADDED from src\main\AndroidManifest.xml:44:19-67
uses-feature#android.hardware.wifi
ADDED from src\main\AndroidManifest.xml:45:5-82
	android:required
		ADDED from src\main\AndroidManifest.xml:45:56-80
	android:name
		ADDED from src\main\AndroidManifest.xml:45:19-55
uses-permission#android.permission.WRITE_EXTERNAL_STORAGE
ADDED from src\main\AndroidManifest.xml:48:5-108
	android:maxSdkVersion
		ADDED from src\main\AndroidManifest.xml:48:79-105
	android:name
		ADDED from src\main\AndroidManifest.xml:48:22-78
uses-permission#android.permission.READ_EXTERNAL_STORAGE
ADDED from src\main\AndroidManifest.xml:49:5-79
	android:name
		ADDED from src\main\AndroidManifest.xml:49:22-77
uses-permission#android.permission.ACCESS_COARSE_LOCATION
ADDED from src\main\AndroidManifest.xml:52:5-80
	android:name
		ADDED from src\main\AndroidManifest.xml:52:22-78
uses-permission#android.permission.ACCESS_FINE_LOCATION
ADDED from src\main\AndroidManifest.xml:53:5-78
	android:name
		ADDED from src\main\AndroidManifest.xml:53:22-76
application
ADDED from src\main\AndroidManifest.xml:55:5-150:19
MERGED from [YouWho:layer-atlas:unspecified] AndroidManifest.xml:25:5-20
MERGED from [com.layer.sdk:layer-sdk:0.16.0] AndroidManifest.xml:17:5-19:19
MERGED from [com.google.android.gms:play-services-gcm:7.5.0] AndroidManifest.xml:19:5-20
MERGED from [com.google.android.gms:play-services-base:7.5.0] AndroidManifest.xml:20:5-24:19
MERGED from [com.android.support:support-v4:22.2.1] AndroidManifest.xml:22:5-20
	android:label
		ADDED from src\main\AndroidManifest.xml:59:9-41
	android:allowBackup
		ADDED from src\main\AndroidManifest.xml:57:9-35
	android:icon
		ADDED from src\main\AndroidManifest.xml:58:9-45
	android:theme
		ADDED from src\main\AndroidManifest.xml:60:9-40
	android:name
		ADDED from src\main\AndroidManifest.xml:56:9-37
activity#com.layer.atlas.messenger.AtlasConversationsScreen
ADDED from src\main\AndroidManifest.xml:62:9-70:20
	android:screenOrientation
		ADDED from src\main\AndroidManifest.xml:64:13-49
	android:label
		ADDED from src\main\AndroidManifest.xml:65:13-45
	android:name
		ADDED from src\main\AndroidManifest.xml:63:13-53
intent-filter#android.intent.action.MAIN+android.intent.category.LAUNCHER
ADDED from src\main\AndroidManifest.xml:66:13-69:29
action#android.intent.action.MAIN
ADDED from src\main\AndroidManifest.xml:67:17-69
	android:name
		ADDED from src\main\AndroidManifest.xml:67:25-66
category#android.intent.category.LAUNCHER
ADDED from src\main\AndroidManifest.xml:68:17-77
	android:name
		ADDED from src\main\AndroidManifest.xml:68:27-74
activity#com.layer.atlas.messenger.AtlasMessagesScreen
ADDED from src\main\AndroidManifest.xml:72:9-77:20
	android:screenOrientation
		ADDED from src\main\AndroidManifest.xml:75:13-49
	android:label
		ADDED from src\main\AndroidManifest.xml:76:13-64
	android:configChanges
		ADDED from src\main\AndroidManifest.xml:74:13-63
	android:name
		ADDED from src\main\AndroidManifest.xml:73:13-48
activity#com.layer.atlas.messenger.AtlasConversationSettingsScreen
ADDED from src\main\AndroidManifest.xml:79:9-85:20
	android:screenOrientation
		ADDED from src\main\AndroidManifest.xml:83:13-49
	android:label
		ADDED from src\main\AndroidManifest.xml:84:13-64
	android:windowSoftInputMode
		ADDED from src\main\AndroidManifest.xml:81:13-54
	android:configChanges
		ADDED from src\main\AndroidManifest.xml:82:13-63
	android:name
		ADDED from src\main\AndroidManifest.xml:80:13-60
activity#com.layer.atlas.messenger.AtlasSettingsScreen
ADDED from src\main\AndroidManifest.xml:87:9-91:20
	android:screenOrientation
		ADDED from src\main\AndroidManifest.xml:89:13-49
	android:label
		ADDED from src\main\AndroidManifest.xml:90:13-64
	android:name
		ADDED from src\main\AndroidManifest.xml:88:13-48
activity#com.layer.atlas.messenger.AtlasLoginScreen
ADDED from src\main\AndroidManifest.xml:93:9-98:20
	android:screenOrientation
		ADDED from src\main\AndroidManifest.xml:96:13-49
	android:label
		ADDED from src\main\AndroidManifest.xml:97:13-64
	android:windowSoftInputMode
		ADDED from src\main\AndroidManifest.xml:95:13-61
	android:name
		ADDED from src\main\AndroidManifest.xml:94:13-45
activity#com.layer.atlas.messenger.AtlasParticipantPickersScreen
ADDED from src\main\AndroidManifest.xml:100:9-105:20
	android:screenOrientation
		ADDED from src\main\AndroidManifest.xml:103:13-49
	android:label
		ADDED from src\main\AndroidManifest.xml:104:13-64
	android:configChanges
		ADDED from src\main\AndroidManifest.xml:102:13-63
	android:name
		ADDED from src\main\AndroidManifest.xml:101:13-58
activity#com.layer.atlas.messenger.AtlasImageViewScreen
ADDED from src\main\AndroidManifest.xml:107:9-111:20
	android:configChanges
		ADDED from src\main\AndroidManifest.xml:109:13-63
	android:name
		ADDED from src\main\AndroidManifest.xml:108:13-49
activity#com.layer.atlas.messenger.AtlasQRCaptureScreen
ADDED from src\main\AndroidManifest.xml:113:9-118:69
	android:clearTaskOnLaunch
		ADDED from src\main\AndroidManifest.xml:114:19-51
	android:screenOrientation
		ADDED from src\main\AndroidManifest.xml:115:19-55
	android:stateNotNeeded
		ADDED from src\main\AndroidManifest.xml:116:19-48
	android:windowSoftInputMode
		ADDED from src\main\AndroidManifest.xml:118:19-66
	android:theme
		ADDED from src\main\AndroidManifest.xml:117:19-83
	android:name
		ADDED from src\main\AndroidManifest.xml:113:19-55
receiver#com.layer.atlas.messenger.MessengerPushReceiver
ADDED from src\main\AndroidManifest.xml:120:9-129:20
	android:name
		ADDED from src\main\AndroidManifest.xml:120:19-56
intent-filter#com.layer.atlas.messenger+com.layer.sdk.PUSH
ADDED from src\main\AndroidManifest.xml:121:13-124:29
action#com.layer.sdk.PUSH
ADDED from src\main\AndroidManifest.xml:122:17-61
	android:name
		ADDED from src\main\AndroidManifest.xml:122:25-58
category#com.layer.atlas.messenger
ADDED from src\main\AndroidManifest.xml:123:17-70
	android:name
		ADDED from src\main\AndroidManifest.xml:123:27-67
intent-filter#android.intent.action.BOOT_COMPLETED+com.layer.atlas.messenger
ADDED from src\main\AndroidManifest.xml:125:13-128:29
action#android.intent.action.BOOT_COMPLETED
ADDED from src\main\AndroidManifest.xml:126:17-79
	android:name
		ADDED from src\main\AndroidManifest.xml:126:25-76
receiver#com.layer.sdk.services.GcmBroadcastReceiver
ADDED from src\main\AndroidManifest.xml:137:9-146:20
	android:permission
		ADDED from src\main\AndroidManifest.xml:139:13-73
	android:name
		ADDED from src\main\AndroidManifest.xml:138:13-71
intent-filter#com.google.android.c2dm.intent.RECEIVE+com.google.android.c2dm.intent.REGISTER+com.google.android.c2dm.intent.REGISTRATION+com.layer.atlas.messenger
ADDED from src\main\AndroidManifest.xml:140:13-145:29
action#com.google.android.c2dm.intent.REGISTRATION
ADDED from src\main\AndroidManifest.xml:141:17-85
	android:name
		ADDED from src\main\AndroidManifest.xml:141:25-83
action#com.google.android.c2dm.intent.REGISTER
ADDED from src\main\AndroidManifest.xml:142:17-81
	android:name
		ADDED from src\main\AndroidManifest.xml:142:25-79
action#com.google.android.c2dm.intent.RECEIVE
ADDED from src\main\AndroidManifest.xml:143:17-81
	android:name
		ADDED from src\main\AndroidManifest.xml:143:25-78
service#com.layer.sdk.services.GcmIntentService
ADDED from src\main\AndroidManifest.xml:148:9-75
MERGED from [com.layer.sdk:layer-sdk:0.16.0] AndroidManifest.xml:18:9-75
	android:name
		ADDED from src\main\AndroidManifest.xml:148:18-72
meta-data#com.google.android.gms.version
ADDED from [com.google.android.gms:play-services-base:7.5.0] AndroidManifest.xml:21:9-23:69
	android:value
		ADDED from [com.google.android.gms:play-services-base:7.5.0] AndroidManifest.xml:23:13-66
	android:name
		ADDED from [com.google.android.gms:play-services-base:7.5.0] AndroidManifest.xml:22:13-58